<?xml version="1.0" encoding="UTF-8"?>
<!-- Generated by org.testng.reporters.JUnitXMLReporter -->
<testsuite ignored="0" hostname="VIJAYAKUMAR" failures="1" tests="1" name="SeleniumTest" time="0.852" errors="0" timestamp="2024-04-14T21:52:03 BST">
  <testcase classname="testcases.SampleTestCases" name="verifySetup" time="0.485">
    <failure type="java.lang.IllegalArgumentException" message="Invalid browser value: ${browser}">
      <![CDATA[java.lang.IllegalArgumentException: Invalid browser value: ${browser}
at testcases.SampleTestCases.verifySetup(SampleTestCases.java:97)
at java.base/java.util.ArrayList.forEach(ArrayList.java:1511)
... Removed 27 stack frames]]>
    </failure>
  </testcase> <!-- verifySetup -->
</testsuite> <!-- SeleniumTest -->
